\BOOKMARK [1][-]{section.1}{\376\377\137\025\212\000}{}% 1
\BOOKMARK [1][-]{section.2}{\376\377\166\370\121\163\135\345\117\134}{}% 2
\BOOKMARK [2][-]{subsection.2.1}{\376\377\171\136\176\317\173\046\123\367\143\250\164\006\116\016\176\246\147\137\156\341\215\263\154\102\211\343}{section.2}% 3
\BOOKMARK [2][-]{subsection.2.2}{\376\377\131\047\213\355\212\000\152\041\127\213\166\204\217\355\116\343\201\352\117\356\131\015}{section.2}% 4
\BOOKMARK [2][-]{subsection.2.3}{\376\377\146\172\200\375\117\123\213\260\137\306\116\016\176\317\232\214\204\270\231\217}{section.2}% 5
\BOOKMARK [2][-]{subsection.2.4}{\376\377\123\357\131\015\165\050\143\250\164\006\211\304\122\031\133\146\116\140}{section.2}% 6
\BOOKMARK [1][-]{section.3}{\376\377\225\356\230\230\133\232\116\111\116\016\140\073\117\123\150\106\147\266}{}% 7
\BOOKMARK [2][-]{subsection.3.1}{\376\377\225\356\230\230\133\232\116\111\116\016\173\046\123\367\117\123\174\373}{section.3}% 8
\BOOKMARK [2][-]{subsection.3.2}{\376\377\000P\000R\000I\000S\000M\140\073\117\123\150\106\147\266}{section.3}% 9
\BOOKMARK [1][-]{section.4}{\376\377\145\271\154\325}{}% 10
\BOOKMARK [2][-]{subsection.4.1}{\376\377\000S\000M\000T\000\040\173\133\220\011\203\003\137\017\210\150\171\072}{section.4}% 11
\BOOKMARK [2][-]{subsection.4.2}{\376\377\171\273\176\277\203\003\137\017\143\320\160\274\116\016\116\011\221\315\173\133\220\011}{section.4}% 12
\BOOKMARK [2][-]{subsection.4.3}{\376\377\203\003\137\017\150\300\175\042\116\016\127\050\176\277\143\250\164\006}{section.4}% 13
\BOOKMARK [2][-]{subsection.4.4}{\376\377\127\372\116\216\000\040\000U\000N\000S\000A\000T\000\040\000c\000o\000r\000e\000\040\166\204\117\356\131\015\217\150\217\371\213\260\137\306}{section.4}% 14
\BOOKMARK [2][-]{subsection.4.5}{\376\377\121\170\127\213\154\102\211\343\203\003\137\017}{section.4}% 15
\BOOKMARK [2][-]{subsection.4.6}{\376\377\173\227\154\325\143\317\217\360}{section.4}% 16
\BOOKMARK [1][-]{section.5}{\376\377\133\236\232\214\213\276\177\156}{}% 17
\BOOKMARK [2][-]{subsection.5.1}{\376\377\145\160\143\156\226\306}{section.5}% 18
\BOOKMARK [2][-]{subsection.5.2}{\376\377\133\371\153\324\174\373\176\337}{section.5}% 19
\BOOKMARK [2][-]{subsection.5.3}{\376\377\213\304\116\367\143\007\150\007\116\016\133\236\163\260\176\306\202\202}{section.5}% 20
\BOOKMARK [1][-]{section.6}{\376\377\133\236\232\214\176\323\147\234\116\016\122\006\147\220}{}% 21
\BOOKMARK [2][-]{subsection.6.1}{\376\377\116\073\211\201\176\323\147\234}{section.6}% 22
\BOOKMARK [2][-]{subsection.6.2}{\376\377\117\356\131\015\145\110\163\207\122\006\147\220}{section.6}% 23
\BOOKMARK [2][-]{subsection.6.3}{\376\377\215\350\116\373\122\241\154\333\123\026\377\032\000A\000R\000-\000L\000S\000A\000T}{section.6}% 24
\BOOKMARK [2][-]{subsection.6.4}{\376\377\203\003\137\017\136\223\215\050\221\317\122\006\147\220}{section.6}% 25
\BOOKMARK [2][-]{subsection.6.5}{\376\377\155\210\207\215\133\236\232\214}{section.6}% 26
\BOOKMARK [2][-]{subsection.6.6}{\376\377\142\113\135\345\211\304\122\031\127\372\176\277\133\371\153\324}{section.6}% 27
\BOOKMARK [2][-]{subsection.6.7}{\376\377\131\032\127\372\170\100\152\041\127\213\133\236\232\214}{section.6}% 28
\BOOKMARK [2][-]{subsection.6.8}{\376\377\217\301\171\373\133\236\232\214}{section.6}% 29
\BOOKMARK [2][-]{subsection.6.9}{\376\377\215\205\123\302\145\160\145\117\141\037\140\047}{section.6}% 30
\BOOKMARK [2][-]{subsection.6.10}{\376\377\150\110\117\213\170\024\172\166}{section.6}% 31
\BOOKMARK [1][-]{section.7}{\376\377\213\250\213\272}{}% 32
\BOOKMARK [1][-]{section.8}{\376\377\176\323\213\272\116\016\147\052\147\145\135\345\117\134}{}% 33
\BOOKMARK [1][-]{appendix.A}{\376\377\133\236\163\260\176\306\202\202\116\016\215\205\123\302\145\160}{}% 34
\BOOKMARK [1][-]{appendix.B}{\376\377\215\205\123\302\145\160\145\117\141\037\140\047\213\346\176\306\122\006\147\220}{}% 35
\BOOKMARK [1][-]{appendix.C}{\376\377\150\110\117\213\170\024\172\166\123\357\211\306\123\026}{}% 36
\BOOKMARK [1][-]{appendix.D}{\376\377\213\241\173\227\142\020\147\054\122\006\147\220}{}% 37
